# JRE version: OpenJDK Runtime Environment (8.0_152-b02) (build 1.8.0_152-release-1024-b02)
# Java VM: OpenJDK 64-Bit Server VM (25.152-b02 mixed mode windows-amd64 compressed oops)
Heap:
 PSYoungGen      total 286208K, used 248234K [0x00000000e0000000, 0x00000000f3100000, 0x0000000100000000)
  eden space 266240K, 91% used [0x00000000e0000000,0x00000000eee70a18,0x00000000f0400000)
  from space 19968K, 20% used [0x00000000f1d80000,0x00000000f217a0c0,0x00000000f3100000)
  to   space 23040K, 0% used [0x00000000f0400000,0x00000000f0400000,0x00000000f1a80000)
 ParOldGen       total 146432K, used 92844K [0x00000000a0000000, 0x00000000a8f00000, 0x00000000e0000000)
  object space 146432K, 63% used [0x00000000a0000000,0x00000000a5aab380,0x00000000a8f00000)
 Metaspace       used 86644K, capacity 90240K, committed 90456K, reserved 1128448K
  class space    used 10794K, capacity 11595K, committed 11648K, reserved 1048576K
GC Heap History (10 events):
Event: 1081.233 GC heap before
{Heap before GC invocations=32 (full 4):
 PSYoungGen      total 189952K, used 166796K [0x00000000e0000000, 0x00000000eee00000, 0x0000000100000000)
  eden space 166912K, 99% used [0x00000000e0000000,0x00000000ea2e30c8,0x00000000ea300000)
  from space 23040K, 0% used [0x00000000ea300000,0x00000000ea300000,0x00000000eb980000)
  to   space 26112K, 0% used [0x00000000ed480000,0x00000000ed480000,0x00000000eee00000)
 ParOldGen       total 146432K, used 86100K [0x00000000a0000000, 0x00000000a8f00000, 0x00000000e0000000)
  object space 146432K, 58% used [0x00000000a0000000,0x00000000a5415358,0x00000000a8f00000)
 Metaspace       used 81865K, capacity 85144K, committed 85336K, reserved 1124352K
  class space    used 10356K, capacity 11107K, committed 11136K, reserved 1048576K
Event: 1081.260 GC heap after
Heap after GC invocations=32 (full 4):
 PSYoungGen      total 217088K, used 128K [0x00000000e0000000, 0x00000000efa80000, 0x0000000100000000)
  eden space 190976K, 0% used [0x00000000e0000000,0x00000000e0000000,0x00000000eba80000)
  from space 26112K, 0% used [0x00000000ed480000,0x00000000ed4a0000,0x00000000eee00000)
  to   space 26624K, 0% used [0x00000000eba80000,0x00000000eba80000,0x00000000ed480000)
 ParOldGen       total 146432K, used 86108K [0x00000000a0000000, 0x00000000a8f00000, 0x00000000e0000000)
  object space 146432K, 58% used [0x00000000a0000000,0x00000000a5417358,0x00000000a8f00000)
 Metaspace       used 81865K, capacity 85144K, committed 85336K, reserved 1124352K
  class space    used 10356K, capacity 11107K, committed 11136K, reserved 1048576K
}
Event: 1108.134 GC heap before
{Heap before GC invocations=33 (full 4):
 PSYoungGen      total 217088K, used 191104K [0x00000000e0000000, 0x00000000efa80000, 0x0000000100000000)
  eden space 190976K, 100% used [0x00000000e0000000,0x00000000eba80000,0x00000000eba80000)
  from space 26112K, 0% used [0x00000000ed480000,0x00000000ed4a0000,0x00000000eee00000)
  to   space 26624K, 0% used [0x00000000eba80000,0x00000000eba80000,0x00000000ed480000)
 ParOldGen       total 146432K, used 86108K [0x00000000a0000000, 0x00000000a8f00000, 0x00000000e0000000)
  object space 146432K, 58% used [0x00000000a0000000,0x00000000a5417358,0x00000000a8f00000)
 Metaspace       used 82422K, capacity 85810K, committed 85976K, reserved 1124352K
  class space    used 10451K, capacity 11234K, committed 11264K, reserved 1048576K
Event: 1108.159 GC heap after
Heap after GC invocations=33 (full 4):
 PSYoungGen      total 217600K, used 2692K [0x00000000e0000000, 0x00000000f1280000, 0x0000000100000000)
  eden space 190976K, 0% used [0x00000000e0000000,0x00000000e0000000,0x00000000eba80000)
  from space 26624K, 10% used [0x00000000eba80000,0x00000000ebd21278,0x00000000ed480000)
  to   space 26112K, 0% used [0x00000000ef900000,0x00000000ef900000,0x00000000f1280000)
 ParOldGen       total 146432K, used 86148K [0x00000000a0000000, 0x00000000a8f00000, 0x00000000e0000000)
  object space 146432K, 58% used [0x00000000a0000000,0x00000000a5421358,0x00000000a8f00000)
 Metaspace       used 82422K, capacity 85810K, committed 85976K, reserved 1124352K
  class space    used 10451K, capacity 11234K, committed 11264K, reserved 1048576K
}
Event: 1154.304 GC heap before
{Heap before GC invocations=34 (full 4):
 PSYoungGen      total 217600K, used 193668K [0x00000000e0000000, 0x00000000f1280000, 0x0000000100000000)
  eden space 190976K, 100% used [0x00000000e0000000,0x00000000eba80000,0x00000000eba80000)
  from space 26624K, 10% used [0x00000000eba80000,0x00000000ebd21278,0x00000000ed480000)
  to   space 26112K, 0% used [0x00000000ef900000,0x00000000ef900000,0x00000000f1280000)
 ParOldGen       total 146432K, used 86148K [0x00000000a0000000, 0x00000000a8f00000, 0x00000000e0000000)
  object space 146432K, 58% used [0x00000000a0000000,0x00000000a5421358,0x00000000a8f00000)
 Metaspace       used 86393K, capacity 89976K, committed 90200K, reserved 1128448K
  class space    used 10792K, capacity 11595K, committed 11648K, reserved 1048576K
Event: 1154.488 GC heap after
Heap after GC invocations=34 (full 4):
 PSYoungGen      total 245760K, used 9264K [0x00000000e0000000, 0x00000000f0c80000, 0x0000000100000000)
  eden space 225792K, 0% used [0x00000000e0000000,0x00000000e0000000,0x00000000edc80000)
  from space 19968K, 46% used [0x00000000ef900000,0x00000000f020c2d8,0x00000000f0c80000)
  to   space 24576K, 0% used [0x00000000edc80000,0x00000000edc80000,0x00000000ef480000)
 ParOldGen       total 146432K, used 86707K [0x00000000a0000000, 0x00000000a8f00000, 0x00000000e0000000)
  object space 146432K, 59% used [0x00000000a0000000,0x00000000a54acf50,0x00000000a8f00000)
 Metaspace       used 86393K, capacity 89976K, committed 90200K, reserved 1128448K
  class space    used 10792K, capacity 11595K, committed 11648K, reserved 1048576K
}
Event: 1169.764 GC heap before
{Heap before GC invocations=35 (full 4):
 PSYoungGen      total 245760K, used 235056K [0x00000000e0000000, 0x00000000f0c80000, 0x0000000100000000)
  eden space 225792K, 100% used [0x00000000e0000000,0x00000000edc80000,0x00000000edc80000)
  from space 19968K, 46% used [0x00000000ef900000,0x00000000f020c2d8,0x00000000f0c80000)
  to   space 24576K, 0% used [0x00000000edc80000,0x00000000edc80000,0x00000000ef480000)
 ParOldGen       total 146432K, used 86707K [0x00000000a0000000, 0x00000000a8f00000, 0x00000000e0000000)
  object space 146432K, 59% used [0x00000000a0000000,0x00000000a54acf50,0x00000000a8f00000)
 Metaspace       used 86598K, capacity 90240K, committed 90456K, reserved 1128448K
  class space    used 10793K, capacity 11595K, committed 11648K, reserved 1048576K
Event: 1170.103 GC heap after
Heap after GC invocations=35 (full 4):
 PSYoungGen      total 250368K, used 7384K [0x00000000e0000000, 0x00000000f3480000, 0x0000000100000000)
  eden space 225792K, 0% used [0x00000000e0000000,0x00000000e0000000,0x00000000edc80000)
  from space 24576K, 30% used [0x00000000edc80000,0x00000000ee3b6070,0x00000000ef480000)
  to   space 23552K, 0% used [0x00000000f1d80000,0x00000000f1d80000,0x00000000f3480000)
 ParOldGen       total 146432K, used 90076K [0x00000000a0000000, 0x00000000a8f00000, 0x00000000e0000000)
  object space 146432K, 61% used [0x00000000a0000000,0x00000000a57f7380,0x00000000a8f00000)
 Metaspace       used 86598K, capacity 90240K, committed 90456K, reserved 1128448K
  class space    used 10793K, capacity 11595K, committed 11648K, reserved 1048576K
}
Event: 1177.550 GC heap before
{Heap before GC invocations=36 (full 4):
 PSYoungGen      total 250368K, used 233176K [0x00000000e0000000, 0x00000000f3480000, 0x0000000100000000)
  eden space 225792K, 100% used [0x00000000e0000000,0x00000000edc80000,0x00000000edc80000)
  from space 24576K, 30% used [0x00000000edc80000,0x00000000ee3b6070,0x00000000ef480000)
  to   space 23552K, 0% used [0x00000000f1d80000,0x00000000f1d80000,0x00000000f3480000)
 ParOldGen       total 146432K, used 90076K [0x00000000a0000000, 0x00000000a8f00000, 0x00000000e0000000)
  object space 146432K, 61% used [0x00000000a0000000,0x00000000a57f7380,0x00000000a8f00000)
 Metaspace       used 86621K, capacity 90240K, committed 90456K, reserved 1128448K
  class space    used 10793K, capacity 11595K, committed 11648K, reserved 1048576K
Event: 1177.614 GC heap after
Heap after GC invocations=36 (full 4):
 PSYoungGen      total 286208K, used 4072K [0x00000000e0000000, 0x00000000f3100000, 0x0000000100000000)
  eden space 266240K, 0% used [0x00000000e0000000,0x00000000e0000000,0x00000000f0400000)
  from space 19968K, 20% used [0x00000000f1d80000,0x00000000f217a0c0,0x00000000f3100000)
  to   space 23040K, 0% used [0x00000000f0400000,0x00000000f0400000,0x00000000f1a80000)
 ParOldGen       total 146432K, used 92844K [0x00000000a0000000, 0x00000000a8f00000, 0x00000000e0000000)
  object space 146432K, 63% used [0x00000000a0000000,0x00000000a5aab380,0x00000000a8f00000)
 Metaspace       used 86621K, capacity 90240K, committed 90456K, reserved 1128448K
  class space    used 10793K, capacity 11595K, committed 11648K, reserved 1048576K
}

